[      59ms] [WARNING] Attempted to select a non-interactive or hidden tab. @ http://localhost:7860/assets/Tabs-C0yBUI0Z.js:0
[      60ms] [WARNING] Attempted to select a non-interactive or hidden tab. @ http://localhost:7860/assets/Tabs-C0yBUI0Z.js:0
[      60ms] [WARNING] Attempted to select a non-interactive or hidden tab. @ http://localhost:7860/assets/Tabs-C0yBUI0Z.js:0
[      63ms] [WARNING] Attempted to select a non-interactive or hidden tab. @ http://localhost:7860/assets/Tabs-C0yBUI0Z.js:0
[      63ms] [WARNING] Attempted to select a non-interactive or hidden tab. @ http://localhost:7860/assets/Tabs-C0yBUI0Z.js:0
[      63ms] [WARNING] Attempted to select a non-interactive or hidden tab. @ http://localhost:7860/assets/Tabs-C0yBUI0Z.js:0
[   18177ms] [WARNING] Method not implemented. @ http://localhost:7860/assets/index-BQPjLIsY.js:3
[   18226ms] [WARNING] Method not implemented. @ http://localhost:7860/assets/index-BQPjLIsY.js:3
[   24371ms] [WARNING] Too many arguments provided for the endpoint. @ http://localhost:7860/assets/index-BQPjLIsY.js:1
[  270459ms] [WARNING] Attempted to select a non-interactive or hidden tab. @ http://localhost:7860/assets/Tabs-C0yBUI0Z.js:0
[  272780ms] [WARNING] Attempted to select a non-interactive or hidden tab. @ http://localhost:7860/assets/Tabs-C0yBUI0Z.js:0
[  272788ms] [WARNING] Attempted to select a non-interactive or hidden tab. @ http://localhost:7860/assets/Tabs-C0yBUI0Z.js:0
[  272838ms] [WARNING] Attempted to select a non-interactive or hidden tab. @ http://localhost:7860/assets/Tabs-C0yBUI0Z.js:0
[  278713ms] [WARNING] Attempted to select a non-interactive or hidden tab. @ http://localhost:7860/assets/Tabs-C0yBUI0Z.js:0
[  285488ms] [WARNING] Attempted to select a non-interactive or hidden tab. @ http://localhost:7860/assets/Tabs-C0yBUI0Z.js:0
[  285547ms] [WARNING] Attempted to select a non-interactive or hidden tab. @ http://localhost:7860/assets/Tabs-C0yBUI0Z.js:0
[  285555ms] [WARNING] Attempted to select a non-interactive or hidden tab. @ http://localhost:7860/assets/Tabs-C0yBUI0Z.js:0
[  293076ms] [WARNING] Attempted to select a non-interactive or hidden tab. @ http://localhost:7860/assets/Tabs-C0yBUI0Z.js:0
[  310419ms] [WARNING] Attempted to select a non-interactive or hidden tab. @ http://localhost:7860/assets/Tabs-C0yBUI0Z.js:0
[  310507ms] [WARNING] Attempted to select a non-interactive or hidden tab. @ http://localhost:7860/assets/Tabs-C0yBUI0Z.js:0
[  310659ms] [WARNING] Attempted to select a non-interactive or hidden tab. @ http://localhost:7860/assets/Tabs-C0yBUI0Z.js:0
[  310768ms] [WARNING] Attempted to select a non-interactive or hidden tab. @ http://localhost:7860/assets/Tabs-C0yBUI0Z.js:0
[  310902ms] [WARNING] Attempted to select a non-interactive or hidden tab. @ http://localhost:7860/assets/Tabs-C0yBUI0Z.js:0
[  310960ms] [WARNING] Attempted to select a non-interactive or hidden tab. @ http://localhost:7860/assets/Tabs-C0yBUI0Z.js:0
[  311018ms] [WARNING] Attempted to select a non-interactive or hidden tab. @ http://localhost:7860/assets/Tabs-C0yBUI0Z.js:0
[  311104ms] [WARNING] Attempted to select a non-interactive or hidden tab. @ http://localhost:7860/assets/Tabs-C0yBUI0Z.js:0
[  311176ms] [WARNING] Attempted to select a non-interactive or hidden tab. @ http://localhost:7860/assets/Tabs-C0yBUI0Z.js:0
[  311232ms] [WARNING] Attempted to select a non-interactive or hidden tab. @ http://localhost:7860/assets/Tabs-C0yBUI0Z.js:0
[  311374ms] [WARNING] Attempted to select a non-interactive or hidden tab. @ http://localhost:7860/assets/Tabs-C0yBUI0Z.js:0
[  311506ms] [WARNING] Attempted to select a non-interactive or hidden tab. @ http://localhost:7860/assets/Tabs-C0yBUI0Z.js:0
[  311628ms] [WARNING] Attempted to select a non-interactive or hidden tab. @ http://localhost:7860/assets/Tabs-C0yBUI0Z.js:0
[  311983ms] [WARNING] Attempted to select a non-interactive or hidden tab. @ http://localhost:7860/assets/Tabs-C0yBUI0Z.js:0
[  312127ms] [WARNING] Attempted to select a non-interactive or hidden tab. @ http://localhost:7860/assets/Tabs-C0yBUI0Z.js:0
[  312319ms] [WARNING] Attempted to select a non-interactive or hidden tab. @ http://localhost:7860/assets/Tabs-C0yBUI0Z.js:0
[  312416ms] [WARNING] Attempted to select a non-interactive or hidden tab. @ http://localhost:7860/assets/Tabs-C0yBUI0Z.js:0
[  312527ms] [WARNING] Attempted to select a non-interactive or hidden tab. @ http://localhost:7860/assets/Tabs-C0yBUI0Z.js:0
[  312626ms] [WARNING] Attempted to select a non-interactive or hidden tab. @ http://localhost:7860/assets/Tabs-C0yBUI0Z.js:0
[  312758ms] [WARNING] Attempted to select a non-interactive or hidden tab. @ http://localhost:7860/assets/Tabs-C0yBUI0Z.js:0
[  312823ms] [WARNING] Attempted to select a non-interactive or hidden tab. @ http://localhost:7860/assets/Tabs-C0yBUI0Z.js:0
[  313016ms] [WARNING] Attempted to select a non-interactive or hidden tab. @ http://localhost:7860/assets/Tabs-C0yBUI0Z.js:0
[  313107ms] [WARNING] Attempted to select a non-interactive or hidden tab. @ http://localhost:7860/assets/Tabs-C0yBUI0Z.js:0
[  313289ms] [WARNING] Attempted to select a non-interactive or hidden tab. @ http://localhost:7860/assets/Tabs-C0yBUI0Z.js:0
[  313380ms] [WARNING] Attempted to select a non-interactive or hidden tab. @ http://localhost:7860/assets/Tabs-C0yBUI0Z.js:0
[  313504ms] [WARNING] Attempted to select a non-interactive or hidden tab. @ http://localhost:7860/assets/Tabs-C0yBUI0Z.js:0
[  313591ms] [WARNING] Attempted to select a non-interactive or hidden tab. @ http://localhost:7860/assets/Tabs-C0yBUI0Z.js:0
[  313752ms] [WARNING] Attempted to select a non-interactive or hidden tab. @ http://localhost:7860/assets/Tabs-C0yBUI0Z.js:0
[  313868ms] [WARNING] Attempted to select a non-interactive or hidden tab. @ http://localhost:7860/assets/Tabs-C0yBUI0Z.js:0
[  314171ms] [WARNING] Attempted to select a non-interactive or hidden tab. @ http://localhost:7860/assets/Tabs-C0yBUI0Z.js:0
[  314653ms] [WARNING] Attempted to select a non-interactive or hidden tab. @ http://localhost:7860/assets/Tabs-C0yBUI0Z.js:0
[  314824ms] [WARNING] Attempted to select a non-interactive or hidden tab. @ http://localhost:7860/assets/Tabs-C0yBUI0Z.js:0
[  315010ms] [WARNING] Attempted to select a non-interactive or hidden tab. @ http://localhost:7860/assets/Tabs-C0yBUI0Z.js:0
[  315238ms] [WARNING] Attempted to select a non-interactive or hidden tab. @ http://localhost:7860/assets/Tabs-C0yBUI0Z.js:0
[  315315ms] [WARNING] Attempted to select a non-interactive or hidden tab. @ http://localhost:7860/assets/Tabs-C0yBUI0Z.js:0
[  315418ms] [WARNING] Attempted to select a non-interactive or hidden tab. @ http://localhost:7860/assets/Tabs-C0yBUI0Z.js:0
[  315490ms] [WARNING] Attempted to select a non-interactive or hidden tab. @ http://localhost:7860/assets/Tabs-C0yBUI0Z.js:0
[  315735ms] [WARNING] Attempted to select a non-interactive or hidden tab. @ http://localhost:7860/assets/Tabs-C0yBUI0Z.js:0
[  315808ms] [WARNING] Attempted to select a non-interactive or hidden tab. @ http://localhost:7860/assets/Tabs-C0yBUI0Z.js:0
[  315960ms] [WARNING] Attempted to select a non-interactive or hidden tab. @ http://localhost:7860/assets/Tabs-C0yBUI0Z.js:0
[  316150ms] [WARNING] Attempted to select a non-interactive or hidden tab. @ http://localhost:7860/assets/Tabs-C0yBUI0Z.js:0
[  316232ms] [WARNING] Attempted to select a non-interactive or hidden tab. @ http://localhost:7860/assets/Tabs-C0yBUI0Z.js:0
[  316307ms] [WARNING] Attempted to select a non-interactive or hidden tab. @ http://localhost:7860/assets/Tabs-C0yBUI0Z.js:0
[  316444ms] [WARNING] Attempted to select a non-interactive or hidden tab. @ http://localhost:7860/assets/Tabs-C0yBUI0Z.js:0
[  316566ms] [WARNING] Attempted to select a non-interactive or hidden tab. @ http://localhost:7860/assets/Tabs-C0yBUI0Z.js:0
[  316677ms] [WARNING] Attempted to select a non-interactive or hidden tab. @ http://localhost:7860/assets/Tabs-C0yBUI0Z.js:0
[  316983ms] [WARNING] Attempted to select a non-interactive or hidden tab. @ http://localhost:7860/assets/Tabs-C0yBUI0Z.js:0
[  317284ms] [WARNING] Too many arguments provided for the endpoint. @ http://localhost:7860/assets/index-BQPjLIsY.js:1
[  317297ms] [WARNING] Attempted to select a non-interactive or hidden tab. @ http://localhost:7860/assets/Tabs-C0yBUI0Z.js:0
[  317306ms] [WARNING] Attempted to select a non-interactive or hidden tab. @ http://localhost:7860/assets/Tabs-C0yBUI0Z.js:0
[  317355ms] [WARNING] Attempted to select a non-interactive or hidden tab. @ http://localhost:7860/assets/Tabs-C0yBUI0Z.js:0
[  317405ms] [WARNING] Attempted to select a non-interactive or hidden tab. @ http://localhost:7860/assets/Tabs-C0yBUI0Z.js:0
[  328023ms] [WARNING] Attempted to select a non-interactive or hidden tab. @ http://localhost:7860/assets/Tabs-C0yBUI0Z.js:0
